<?xml version="1.0" encoding="UTF-8"?>
<testng-results skipped="0" failed="0" ignored="0" total="2" passed="2">
  <reporter-output>
  </reporter-output>
  <suite name="Default suite" duration-ms="169" started-at="2022-09-07T12:14:27 IST" finished-at="2022-09-07T12:14:28 IST">
    <groups>
    </groups>
    <test name="Default test" duration-ms="169" started-at="2022-09-07T12:14:27 IST" finished-at="2022-09-07T12:14:28 IST">
      <class name="RCB.TestVagrant.RCB.TeamSorter_Sanity">
        <test-method status="PASS" signature="init()[pri:0, instance:RCB.TestVagrant.RCB.TeamSorter_Sanity@5204062d]" name="init" is-config="true" duration-ms="30" started-at="2022-09-07T12:14:27 IST" finished-at="2022-09-07T12:14:27 IST">
          <reporter-output>
          </reporter-output>
        </test-method> <!-- init -->
        <test-method status="PASS" signature="Testcase1()[pri:1, instance:RCB.TestVagrant.RCB.TeamSorter_Sanity@5204062d]" name="Testcase1" duration-ms="62" started-at="2022-09-07T12:14:27 IST" finished-at="2022-09-07T12:14:28 IST">
          <reporter-output>
          </reporter-output>
        </test-method> <!-- Testcase1 -->
        <test-method status="PASS" signature="Testcas2()[pri:2, instance:RCB.TestVagrant.RCB.TeamSorter_Sanity@5204062d]" name="Testcas2" duration-ms="5" started-at="2022-09-07T12:14:28 IST" finished-at="2022-09-07T12:14:28 IST">
          <reporter-output>
          </reporter-output>
        </test-method> <!-- Testcas2 -->
        <test-method status="PASS" signature="UpdateReport()[pri:0, instance:RCB.TestVagrant.RCB.TeamSorter_Sanity@5204062d]" name="UpdateReport" is-config="true" duration-ms="4" started-at="2022-09-07T12:14:28 IST" finished-at="2022-09-07T12:14:28 IST">
          <reporter-output>
          </reporter-output>
        </test-method> <!-- UpdateReport -->
      </class> <!-- RCB.TestVagrant.RCB.TeamSorter_Sanity -->
    </test> <!-- Default test -->
  </suite> <!-- Default suite -->
</testng-results>
